# JRE version: OpenJDK Runtime Environment (8.0_242) (build 1.8.0_242-release-1644-b3-6222593)
# Java VM: OpenJDK 64-Bit Server VM (25.242-b3-6222593 mixed mode linux-amd64 compressed oops)
Heap:
 PSYoungGen      total 416768K, used 46056K [0x00000000e0000000, 0x0000000100000000, 0x0000000100000000)
  eden space 370688K, 0% used [0x00000000e0000000,0x00000000e0000000,0x00000000f6a00000)
  from space 46080K, 99% used [0x00000000fd300000,0x00000000ffffa040,0x0000000100000000)
  to   space 76800K, 0% used [0x00000000f6a00000,0x00000000f6a00000,0x00000000fb500000)
 ParOldGen       total 242688K, used 125156K [0x00000000a0000000, 0x00000000aed00000, 0x00000000e0000000)
  object space 242688K, 51% used [0x00000000a0000000,0x00000000a7a390e8,0x00000000aed00000)
 Metaspace       used 94480K, capacity 98236K, committed 98584K, reserved 1134592K
  class space    used 12287K, capacity 13082K, committed 13104K, reserved 1048576K
GC Heap History (10 events):
Event: 24.712 GC heap after
Heap after GC invocations=9 (full 2):
 PSYoungGen      total 310272K, used 20981K [0x00000000e0000000, 0x00000000fc900000, 0x0000000100000000)
  eden space 289280K, 0% used [0x00000000e0000000,0x00000000e0000000,0x00000000f1a80000)
  from space 20992K, 99% used [0x00000000f1a80000,0x00000000f2efd438,0x00000000f2f00000)
  to   space 27136K, 0% used [0x00000000fae80000,0x00000000fae80000,0x00000000fc900000)
 ParOldGen       total 168448K, used 27415K [0x00000000a0000000, 0x00000000aa480000, 0x00000000e0000000)
  object space 168448K, 16% used [0x00000000a0000000,0x00000000a1ac5df8,0x00000000aa480000)
 Metaspace       used 56949K, capacity 59106K, committed 59160K, reserved 1099776K
  class space    used 7712K, capacity 8197K, committed 8240K, reserved 1048576K
}
Event: 24.712 GC heap before
{Heap before GC invocations=10 (full 3):
 PSYoungGen      total 310272K, used 20981K [0x00000000e0000000, 0x00000000fc900000, 0x0000000100000000)
  eden space 289280K, 0% used [0x00000000e0000000,0x00000000e0000000,0x00000000f1a80000)
  from space 20992K, 99% used [0x00000000f1a80000,0x00000000f2efd438,0x00000000f2f00000)
  to   space 27136K, 0% used [0x00000000fae80000,0x00000000fae80000,0x00000000fc900000)
 ParOldGen       total 168448K, used 27415K [0x00000000a0000000, 0x00000000aa480000, 0x00000000e0000000)
  object space 168448K, 16% used [0x00000000a0000000,0x00000000a1ac5df8,0x00000000aa480000)
 Metaspace       used 56949K, capacity 59106K, committed 59160K, reserved 1099776K
  class space    used 7712K, capacity 8197K, committed 8240K, reserved 1048576K
Event: 25.008 GC heap after
Heap after GC invocations=10 (full 3):
 PSYoungGen      total 310272K, used 0K [0x00000000e0000000, 0x00000000fc900000, 0x0000000100000000)
  eden space 289280K, 0% used [0x00000000e0000000,0x00000000e0000000,0x00000000f1a80000)
  from space 20992K, 0% used [0x00000000f1a80000,0x00000000f1a80000,0x00000000f2f00000)
  to   space 27136K, 0% used [0x00000000fae80000,0x00000000fae80000,0x00000000fc900000)
 ParOldGen       total 242688K, used 38472K [0x00000000a0000000, 0x00000000aed00000, 0x00000000e0000000)
  object space 242688K, 15% used [0x00000000a0000000,0x00000000a2592238,0x00000000aed00000)
 Metaspace       used 56947K, capacity 59100K, committed 59160K, reserved 1099776K
  class space    used 7711K, capacity 8196K, committed 8240K, reserved 1048576K
}
Event: 37.947 GC heap before
{Heap before GC invocations=11 (full 3):
 PSYoungGen      total 310272K, used 289280K [0x00000000e0000000, 0x00000000fc900000, 0x0000000100000000)
  eden space 289280K, 100% used [0x00000000e0000000,0x00000000f1a80000,0x00000000f1a80000)
  from space 20992K, 0% used [0x00000000f1a80000,0x00000000f1a80000,0x00000000f2f00000)
  to   space 27136K, 0% used [0x00000000fae80000,0x00000000fae80000,0x00000000fc900000)
 ParOldGen       total 242688K, used 38472K [0x00000000a0000000, 0x00000000aed00000, 0x00000000e0000000)
  object space 242688K, 15% used [0x00000000a0000000,0x00000000a2592238,0x00000000aed00000)
 Metaspace       used 69026K, capacity 72100K, committed 72344K, reserved 1112064K
  class space    used 9425K, capacity 10072K, committed 10160K, reserved 1048576K
Event: 38.018 GC heap after
Heap after GC invocations=11 (full 3):
 PSYoungGen      total 431616K, used 27118K [0x00000000e0000000, 0x00000000fd000000, 0x0000000100000000)
  eden space 404480K, 0% used [0x00000000e0000000,0x00000000e0000000,0x00000000f8b00000)
  from space 27136K, 99% used [0x00000000fae80000,0x00000000fc8fbb68,0x00000000fc900000)
  to   space 35328K, 0% used [0x00000000f8b00000,0x00000000f8b00000,0x00000000fad80000)
 ParOldGen       total 242688K, used 48146K [0x00000000a0000000, 0x00000000aed00000, 0x00000000e0000000)
  object space 242688K, 19% used [0x00000000a0000000,0x00000000a2f04b78,0x00000000aed00000)
 Metaspace       used 69026K, capacity 72100K, committed 72344K, reserved 1112064K
  class space    used 9425K, capacity 10072K, committed 10160K, reserved 1048576K
}
Event: 53.362 GC heap before
{Heap before GC invocations=12 (full 3):
 PSYoungGen      total 431616K, used 431598K [0x00000000e0000000, 0x00000000fd000000, 0x0000000100000000)
  eden space 404480K, 100% used [0x00000000e0000000,0x00000000f8b00000,0x00000000f8b00000)
  from space 27136K, 99% used [0x00000000fae80000,0x00000000fc8fbb68,0x00000000fc900000)
  to   space 35328K, 0% used [0x00000000f8b00000,0x00000000f8b00000,0x00000000fad80000)
 ParOldGen       total 242688K, used 48146K [0x00000000a0000000, 0x00000000aed00000, 0x00000000e0000000)
  object space 242688K, 19% used [0x00000000a0000000,0x00000000a2f04b78,0x00000000aed00000)
 Metaspace       used 79997K, capacity 83436K, committed 83736K, reserved 1122304K
  class space    used 10761K, capacity 11444K, committed 11568K, reserved 1048576K
Event: 53.429 GC heap after
Heap after GC invocations=12 (full 3):
 PSYoungGen      total 439808K, used 35309K [0x00000000e0000000, 0x0000000100000000, 0x0000000100000000)
  eden space 404480K, 0% used [0x00000000e0000000,0x00000000e0000000,0x00000000f8b00000)
  from space 35328K, 99% used [0x00000000f8b00000,0x00000000fad7b520,0x00000000fad80000)
  to   space 46080K, 0% used [0x00000000fd300000,0x00000000fd300000,0x0000000100000000)
 ParOldGen       total 242688K, used 61038K [0x00000000a0000000, 0x00000000aed00000, 0x00000000e0000000)
  object space 242688K, 25% used [0x00000000a0000000,0x00000000a3b9b970,0x00000000aed00000)
 Metaspace       used 79997K, capacity 83436K, committed 83736K, reserved 1122304K
  class space    used 10761K, capacity 11444K, committed 11568K, reserved 1048576K
}
Event: 62.060 GC heap before
{Heap before GC invocations=13 (full 3):
 PSYoungGen      total 439808K, used 342837K [0x00000000e0000000, 0x0000000100000000, 0x0000000100000000)
  eden space 404480K, 76% used [0x00000000e0000000,0x00000000f2c520c0,0x00000000f8b00000)
  from space 35328K, 99% used [0x00000000f8b00000,0x00000000fad7b520,0x00000000fad80000)
  to   space 46080K, 0% used [0x00000000fd300000,0x00000000fd300000,0x0000000100000000)
 ParOldGen       total 242688K, used 61038K [0x00000000a0000000, 0x00000000aed00000, 0x00000000e0000000)
  object space 242688K, 25% used [0x00000000a0000000,0x00000000a3b9b970,0x00000000aed00000)
 Metaspace       used 94480K, capacity 98236K, committed 98584K, reserved 1134592K
  class space    used 12287K, capacity 13082K, committed 13104K, reserved 1048576K
Event: 62.198 GC heap after
Heap after GC invocations=13 (full 3):
 PSYoungGen      total 416768K, used 46056K [0x00000000e0000000, 0x0000000100000000, 0x0000000100000000)
  eden space 370688K, 0% used [0x00000000e0000000,0x00000000e0000000,0x00000000f6a00000)
  from space 46080K, 99% used [0x00000000fd300000,0x00000000ffffa040,0x0000000100000000)
  to   space 76800K, 0% used [0x00000000f6a00000,0x00000000f6a00000,0x00000000fb500000)
 ParOldGen       total 242688K, used 125156K [0x00000000a0000000, 0x00000000aed00000, 0x00000000e0000000)
  object space 242688K, 51% used [0x00000000a0000000,0x00000000a7a390e8,0x00000000aed00000)
 Metaspace       used 94480K, capacity 98236K, committed 98584K, reserved 1134592K
  class space    used 12287K, capacity 13082K, committed 13104K, reserved 1048576K
}
Event: 62.198 GC heap before
{Heap before GC invocations=14 (full 4):
 PSYoungGen      total 416768K, used 46056K [0x00000000e0000000, 0x0000000100000000, 0x0000000100000000)
  eden space 370688K, 0% used [0x00000000e0000000,0x00000000e0000000,0x00000000f6a00000)
  from space 46080K, 99% used [0x00000000fd300000,0x00000000ffffa040,0x0000000100000000)
  to   space 76800K, 0% used [0x00000000f6a00000,0x00000000f6a00000,0x00000000fb500000)
 ParOldGen       total 242688K, used 125156K [0x00000000a0000000, 0x00000000aed00000, 0x00000000e0000000)
  object space 242688K, 51% used [0x00000000a0000000,0x00000000a7a390e8,0x00000000aed00000)
 Metaspace       used 94480K, capacity 98236K, committed 98584K, reserved 1134592K
  class space    used 12287K, capacity 13082K, committed 13104K, reserved 1048576K

